2023-10-10T00:02:58.651+05:30  INFO 624 --- [main] c.c.a.controller.CategoryControllerTest  : Starting CategoryControllerTest using Java 17.0.8 with PID 624 (started by Jaya Madhuri in D:\Tasks\Capstone\BackEnd\assessment-portal)
2023-10-10T00:02:58.679+05:30  INFO 624 --- [main] c.c.a.controller.CategoryControllerTest  : No active profile set, falling back to 1 default profile: "default"
2023-10-10T00:03:00.283+05:30  INFO 624 --- [main] .s.d.r.c.RepositoryConfigurationDelegate : Bootstrapping Spring Data JPA repositories in DEFAULT mode.
2023-10-10T00:03:00.448+05:30  INFO 624 --- [main] .s.d.r.c.RepositoryConfigurationDelegate : Finished Spring Data repository scanning in 145 ms. Found 5 JPA repository interfaces.
2023-10-10T00:03:01.430+05:30  INFO 624 --- [main] o.hibernate.jpa.internal.util.LogHelper  : HHH000204: Processing PersistenceUnitInfo [name: default]
2023-10-10T00:03:01.597+05:30  INFO 624 --- [main] org.hibernate.Version                    : HHH000412: Hibernate ORM core version 6.2.6.Final
2023-10-10T00:03:01.604+05:30  INFO 624 --- [main] org.hibernate.cfg.Environment            : HHH000406: Using bytecode reflection optimizer
2023-10-10T00:03:01.947+05:30  INFO 624 --- [main] o.h.b.i.BytecodeProviderInitiator        : HHH000021: Bytecode provider name : bytebuddy
2023-10-10T00:03:01.960+05:30  INFO 624 --- [main] o.s.o.j.p.SpringPersistenceUnitInfo      : No LoadTimeWeaver setup: ignoring JPA class transformer
2023-10-10T00:03:01.997+05:30  INFO 624 --- [main] com.zaxxer.hikari.HikariDataSource       : HikariPool-1 - Starting...
2023-10-10T00:03:02.438+05:30  INFO 624 --- [main] com.zaxxer.hikari.pool.HikariPool        : HikariPool-1 - Added connection org.postgresql.jdbc.PgConnection@254513e8
2023-10-10T00:03:02.444+05:30  INFO 624 --- [main] com.zaxxer.hikari.HikariDataSource       : HikariPool-1 - Start completed.
2023-10-10T00:03:03.181+05:30  INFO 624 --- [main] o.h.b.i.BytecodeProviderInitiator        : HHH000021: Bytecode provider name : bytebuddy
2023-10-10T00:03:04.326+05:30  INFO 624 --- [main] o.h.e.t.j.p.i.JtaPlatformInitiator       : HHH000490: Using JtaPlatform implementation: [org.hibernate.engine.transaction.jta.platform.internal.NoJtaPlatform]
2023-10-10T00:03:04.500+05:30  INFO 624 --- [main] j.LocalContainerEntityManagerFactoryBean : Initialized JPA EntityManagerFactory for persistence unit 'default'
2023-10-10T00:03:05.026+05:30  INFO 624 --- [main] o.s.d.j.r.query.QueryEnhancerFactory     : Hibernate is in classpath; If applicable, HQL parser will be used.
2023-10-10T00:03:06.342+05:30  WARN 624 --- [main] JpaBaseConfiguration$JpaWebConfiguration : spring.jpa.open-in-view is enabled by default. Therefore, database queries may be performed during view rendering. Explicitly configure spring.jpa.open-in-view to disable this warning
2023-10-10T00:03:07.050+05:30  INFO 624 --- [main] c.c.a.controller.CategoryControllerTest  : Started CategoryControllerTest in 9.046 seconds (process running for 14.974)
2023-10-10T00:03:07.223+05:30  INFO 624 --- [main] c.c.a.controller.CategoryController      : Category Successfully Added
2023-10-10T00:03:07.251+05:30  INFO 624 --- [main] c.c.a.controller.CategoryController      : Successfully Retrieved Categories
2023-10-10T00:03:07.270+05:30  INFO 624 --- [main] c.c.a.controller.CategoryController      : Category Successfully Updated
2023-10-10T00:03:07.292+05:30  INFO 624 --- [main] c.c.a.controller.CategoryController      : Category Successfully Deleted
2023-10-10T00:03:07.313+05:30  INFO 624 --- [main] c.c.a.controller.CategoryController      : Successfully Retrieved Category by Id
2023-10-10T00:03:07.342+05:30  INFO 624 --- [main] t.c.s.AnnotationConfigContextLoaderUtils : Could not detect default configuration classes for test class [com.capstone.assessmentportal.controller.QuestionControllerTest]: QuestionControllerTest does not declare any static, non-private, non-final, nested classes annotated with @Configuration.
2023-10-10T00:03:07.350+05:30  INFO 624 --- [main] .b.t.c.SpringBootTestContextBootstrapper : Found @SpringBootConfiguration com.capstone.assessmentportal.AssessmentPortalApplication for test class com.capstone.assessmentportal.controller.QuestionControllerTest
2023-10-10T00:03:07.459+05:30  INFO 624 --- [main] c.c.a.controller.QuestionController      : Question Successfully Updated
2023-10-10T00:03:07.477+05:30  INFO 624 --- [main] c.c.a.controller.QuestionController      : Question Successfully Deleted
2023-10-10T00:03:07.493+05:30  INFO 624 --- [main] c.c.a.controller.QuestionController      : Successfully Retrieved Questions By Quiz Id
2023-10-10T00:03:07.508+05:30  INFO 624 --- [main] c.c.a.controller.QuestionController      : Question Successfully Added
2023-10-10T00:03:07.522+05:30  INFO 624 --- [main] t.c.s.AnnotationConfigContextLoaderUtils : Could not detect default configuration classes for test class [com.capstone.assessmentportal.controller.ResultsControllerTest]: ResultsControllerTest does not declare any static, non-private, non-final, nested classes annotated with @Configuration.
2023-10-10T00:03:07.529+05:30  INFO 624 --- [main] .b.t.c.SpringBootTestContextBootstrapper : Found @SpringBootConfiguration com.capstone.assessmentportal.AssessmentPortalApplication for test class com.capstone.assessmentportal.controller.ResultsControllerTest
2023-10-10T00:03:07.600+05:30  INFO 624 --- [main] c.c.a.controller.ResultsController       : Results Successfully Retrieved
2023-10-10T00:03:07.610+05:30  INFO 624 --- [main] c.c.a.controller.ResultsController       : Results Successfully Retrieved
2023-10-10T00:03:07.619+05:30  INFO 624 --- [main] c.c.a.controller.ResultsController       : Results Successfully Added
2023-10-10T00:03:07.626+05:30  INFO 624 --- [main] t.c.s.AnnotationConfigContextLoaderUtils : Could not detect default configuration classes for test class [com.capstone.assessmentportal.controller.SubCategoryControllerTest]: SubCategoryControllerTest does not declare any static, non-private, non-final, nested classes annotated with @Configuration.
2023-10-10T00:03:07.628+05:30  INFO 624 --- [main] .b.t.c.SpringBootTestContextBootstrapper : Found @SpringBootConfiguration com.capstone.assessmentportal.AssessmentPortalApplication for test class com.capstone.assessmentportal.controller.SubCategoryControllerTest
2023-10-10T00:03:07.693+05:30  INFO 624 --- [main] c.c.a.controller.SubCategoryController   : Quiz Successfully Updated
2023-10-10T00:03:07.702+05:30  INFO 624 --- [main] c.c.a.controller.SubCategoryController   : Successfully Retrieved Quizes by Id
2023-10-10T00:03:07.715+05:30  INFO 624 --- [main] c.c.a.controller.SubCategoryController   : Successfully Retrieved Quizes
2023-10-10T00:03:07.729+05:30  INFO 624 --- [main] c.c.a.controller.SubCategoryController   : Successfully Retrieved Quizes by Category Id
2023-10-10T00:03:07.744+05:30  INFO 624 --- [main] c.c.a.controller.SubCategoryController   : Quiz Successfully Deleted
2023-10-10T00:03:07.755+05:30  INFO 624 --- [main] c.c.a.controller.SubCategoryController   : Quiz Successfully Added
2023-10-10T00:03:07.765+05:30  INFO 624 --- [main] t.c.s.AnnotationConfigContextLoaderUtils : Could not detect default configuration classes for test class [com.capstone.assessmentportal.controller.UsersControllerTest]: UsersControllerTest does not declare any static, non-private, non-final, nested classes annotated with @Configuration.
2023-10-10T00:03:07.771+05:30  INFO 624 --- [main] .b.t.c.SpringBootTestContextBootstrapper : Found @SpringBootConfiguration com.capstone.assessmentportal.AssessmentPortalApplication for test class com.capstone.assessmentportal.controller.UsersControllerTest
2023-10-10T00:03:07.858+05:30  INFO 624 --- [main] c.c.a.controller.UsersController         : Successfully Validated
2023-10-10T00:03:07.875+05:30  INFO 624 --- [main] c.c.a.controller.UsersController         : User Successfully Deleted
2023-10-10T00:03:07.891+05:30  INFO 624 --- [main] c.c.a.controller.UsersController         : Retrieved User details by Id
2023-10-10T00:03:07.904+05:30  INFO 624 --- [main] c.c.a.controller.UsersController         : User successfully logged in
2023-10-10T00:03:07.915+05:30  INFO 624 --- [main] c.c.a.controller.UsersController         : Retrieved student details by EmailId
2023-10-10T00:03:07.929+05:30  INFO 624 --- [main] c.c.a.controller.UsersController         : User successfully registered
2023-10-10T00:03:07.944+05:30  INFO 624 --- [main] c.c.a.controller.UsersController         : User Successfully Updated
2023-10-10T00:03:07.959+05:30  INFO 624 --- [main] t.c.s.AnnotationConfigContextLoaderUtils : Could not detect default configuration classes for test class [com.capstone.assessmentportal.controlleradvice.GlobalExceptionHandlerTest]: GlobalExceptionHandlerTest does not declare any static, non-private, non-final, nested classes annotated with @Configuration.
2023-10-10T00:03:07.994+05:30  INFO 624 --- [main] .b.t.c.SpringBootTestContextBootstrapper : Found @SpringBootConfiguration com.capstone.assessmentportal.AssessmentPortalApplication for test class com.capstone.assessmentportal.controlleradvice.GlobalExceptionHandlerTest
2023-10-10T00:03:08.427+05:30  INFO 624 --- [main] t.c.s.AnnotationConfigContextLoaderUtils : Could not detect default configuration classes for test class [com.capstone.assessmentportal.AssessmentPortalApplicationTests]: AssessmentPortalApplicationTests does not declare any static, non-private, non-final, nested classes annotated with @Configuration.
2023-10-10T00:03:08.443+05:30  INFO 624 --- [main] .b.t.c.SpringBootTestContextBootstrapper : Found @SpringBootConfiguration com.capstone.assessmentportal.AssessmentPortalApplication for test class com.capstone.assessmentportal.AssessmentPortalApplicationTests
2023-10-10T00:03:08.527+05:30  INFO 624 --- [main] c.c.a.AssessmentPortalApplication        : Starting AssessmentPortalApplication using Java 17.0.8 with PID 624 (started by Jaya Madhuri in D:\Tasks\Capstone\BackEnd\assessment-portal)
2023-10-10T00:03:08.528+05:30  INFO 624 --- [main] c.c.a.AssessmentPortalApplication        : No active profile set, falling back to 1 default profile: "default"
2023-10-10T00:03:09.008+05:30  INFO 624 --- [main] .s.d.r.c.RepositoryConfigurationDelegate : Bootstrapping Spring Data JPA repositories in DEFAULT mode.
2023-10-10T00:03:09.055+05:30  INFO 624 --- [main] .s.d.r.c.RepositoryConfigurationDelegate : Finished Spring Data repository scanning in 45 ms. Found 5 JPA repository interfaces.
2023-10-10T00:03:09.485+05:30  INFO 624 --- [main] o.s.b.w.embedded.tomcat.TomcatWebServer  : Tomcat initialized with port(s): 6060 (http)
2023-10-10T00:03:09.515+05:30  INFO 624 --- [main] o.apache.catalina.core.StandardService   : Starting service [Tomcat]
2023-10-10T00:03:09.517+05:30  INFO 624 --- [main] o.apache.catalina.core.StandardEngine    : Starting Servlet engine: [Apache Tomcat/10.1.11]
2023-10-10T00:03:09.742+05:30  INFO 624 --- [main] o.a.c.c.C.[Tomcat].[localhost].[/]       : Initializing Spring embedded WebApplicationContext
2023-10-10T00:03:09.744+05:30  INFO 624 --- [main] w.s.c.ServletWebServerApplicationContext : Root WebApplicationContext: initialization completed in 1211 ms
2023-10-10T00:03:09.907+05:30  INFO 624 --- [main] o.hibernate.jpa.internal.util.LogHelper  : HHH000204: Processing PersistenceUnitInfo [name: default]
2023-10-10T00:03:09.931+05:30  INFO 624 --- [main] o.h.b.i.BytecodeProviderInitiator        : HHH000021: Bytecode provider name : bytebuddy
2023-10-10T00:03:09.932+05:30  INFO 624 --- [main] o.s.o.j.p.SpringPersistenceUnitInfo      : No LoadTimeWeaver setup: ignoring JPA class transformer
2023-10-10T00:03:09.936+05:30  INFO 624 --- [main] com.zaxxer.hikari.HikariDataSource       : HikariPool-2 - Starting...
2023-10-10T00:03:10.021+05:30  INFO 624 --- [main] com.zaxxer.hikari.pool.HikariPool        : HikariPool-2 - Added connection org.postgresql.jdbc.PgConnection@4dc34411
2023-10-10T00:03:10.022+05:30  INFO 624 --- [main] com.zaxxer.hikari.HikariDataSource       : HikariPool-2 - Start completed.
2023-10-10T00:03:10.125+05:30  INFO 624 --- [main] o.h.b.i.BytecodeProviderInitiator        : HHH000021: Bytecode provider name : bytebuddy
2023-10-10T00:03:10.310+05:30  INFO 624 --- [main] o.h.e.t.j.p.i.JtaPlatformInitiator       : HHH000490: Using JtaPlatform implementation: [org.hibernate.engine.transaction.jta.platform.internal.NoJtaPlatform]
2023-10-10T00:03:10.456+05:30  INFO 624 --- [main] j.LocalContainerEntityManagerFactoryBean : Initialized JPA EntityManagerFactory for persistence unit 'default'
2023-10-10T00:03:10.870+05:30  WARN 624 --- [main] JpaBaseConfiguration$JpaWebConfiguration : spring.jpa.open-in-view is enabled by default. Therefore, database queries may be performed during view rendering. Explicitly configure spring.jpa.open-in-view to disable this warning
2023-10-10T00:03:11.185+05:30  INFO 624 --- [main] o.s.b.w.embedded.tomcat.TomcatWebServer  : Tomcat started on port(s): 6060 (http) with context path ''
2023-10-10T00:03:11.203+05:30  INFO 624 --- [main] c.c.a.AssessmentPortalApplication        : Started AssessmentPortalApplication in 2.742 seconds (process running for 19.127)
2023-10-10T00:03:11.212+05:30  INFO 624 --- [main] t.c.s.AnnotationConfigContextLoaderUtils : Could not detect default configuration classes for test class [com.capstone.assessmentportal.customannotations.DateOfBirthValidatorTest]: DateOfBirthValidatorTest does not declare any static, non-private, non-final, nested classes annotated with @Configuration.
2023-10-10T00:03:11.228+05:30  INFO 624 --- [main] .b.t.c.SpringBootTestContextBootstrapper : Found @SpringBootConfiguration com.capstone.assessmentportal.AssessmentPortalApplication for test class com.capstone.assessmentportal.customannotations.DateOfBirthValidatorTest
2023-10-10T00:03:11.271+05:30  INFO 624 --- [SpringApplicationShutdownHook] j.LocalContainerEntityManagerFactoryBean : Closing JPA EntityManagerFactory for persistence unit 'default'
2023-10-10T00:03:11.278+05:30  INFO 624 --- [SpringApplicationShutdownHook] com.zaxxer.hikari.HikariDataSource       : HikariPool-1 - Shutdown initiated...
2023-10-10T00:03:11.296+05:30  INFO 624 --- [SpringApplicationShutdownHook] com.zaxxer.hikari.HikariDataSource       : HikariPool-1 - Shutdown completed.
2023-10-10T00:03:11.357+05:30  INFO 624 --- [SpringApplicationShutdownHook] j.LocalContainerEntityManagerFactoryBean : Closing JPA EntityManagerFactory for persistence unit 'default'
2023-10-10T00:03:11.360+05:30  INFO 624 --- [SpringApplicationShutdownHook] com.zaxxer.hikari.HikariDataSource       : HikariPool-2 - Shutdown initiated...
2023-10-10T00:03:11.377+05:30  INFO 624 --- [SpringApplicationShutdownHook] com.zaxxer.hikari.HikariDataSource       : HikariPool-2 - Shutdown completed.
2023-10-10T00:05:47.188+05:30  INFO 6736 --- [main] c.c.a.controller.CategoryControllerTest  : Starting CategoryControllerTest using Java 17.0.8 with PID 6736 (started by Jaya Madhuri in D:\Tasks\Capstone\BackEnd\assessment-portal)
2023-10-10T00:05:47.196+05:30  INFO 6736 --- [main] c.c.a.controller.CategoryControllerTest  : No active profile set, falling back to 1 default profile: "default"
2023-10-10T00:05:48.804+05:30  INFO 6736 --- [main] .s.d.r.c.RepositoryConfigurationDelegate : Bootstrapping Spring Data JPA repositories in DEFAULT mode.
2023-10-10T00:05:48.971+05:30  INFO 6736 --- [main] .s.d.r.c.RepositoryConfigurationDelegate : Finished Spring Data repository scanning in 146 ms. Found 5 JPA repository interfaces.
2023-10-10T00:05:49.959+05:30  INFO 6736 --- [main] o.hibernate.jpa.internal.util.LogHelper  : HHH000204: Processing PersistenceUnitInfo [name: default]
2023-10-10T00:05:50.090+05:30  INFO 6736 --- [main] org.hibernate.Version                    : HHH000412: Hibernate ORM core version 6.2.6.Final
2023-10-10T00:05:50.097+05:30  INFO 6736 --- [main] org.hibernate.cfg.Environment            : HHH000406: Using bytecode reflection optimizer
2023-10-10T00:05:50.421+05:30  INFO 6736 --- [main] o.h.b.i.BytecodeProviderInitiator        : HHH000021: Bytecode provider name : bytebuddy
2023-10-10T00:05:50.440+05:30  INFO 6736 --- [main] o.s.o.j.p.SpringPersistenceUnitInfo      : No LoadTimeWeaver setup: ignoring JPA class transformer
2023-10-10T00:05:50.481+05:30  INFO 6736 --- [main] com.zaxxer.hikari.HikariDataSource       : HikariPool-1 - Starting...
2023-10-10T00:05:50.873+05:30  INFO 6736 --- [main] com.zaxxer.hikari.pool.HikariPool        : HikariPool-1 - Added connection org.postgresql.jdbc.PgConnection@62808e9e
2023-10-10T00:05:50.877+05:30  INFO 6736 --- [main] com.zaxxer.hikari.HikariDataSource       : HikariPool-1 - Start completed.
2023-10-10T00:05:51.692+05:30  INFO 6736 --- [main] o.h.b.i.BytecodeProviderInitiator        : HHH000021: Bytecode provider name : bytebuddy
2023-10-10T00:05:52.687+05:30  INFO 6736 --- [main] o.h.e.t.j.p.i.JtaPlatformInitiator       : HHH000490: Using JtaPlatform implementation: [org.hibernate.engine.transaction.jta.platform.internal.NoJtaPlatform]
2023-10-10T00:05:52.896+05:30  INFO 6736 --- [main] j.LocalContainerEntityManagerFactoryBean : Initialized JPA EntityManagerFactory for persistence unit 'default'
2023-10-10T00:05:53.449+05:30  INFO 6736 --- [main] o.s.d.j.r.query.QueryEnhancerFactory     : Hibernate is in classpath; If applicable, HQL parser will be used.
2023-10-10T00:05:54.788+05:30  WARN 6736 --- [main] JpaBaseConfiguration$JpaWebConfiguration : spring.jpa.open-in-view is enabled by default. Therefore, database queries may be performed during view rendering. Explicitly configure spring.jpa.open-in-view to disable this warning
2023-10-10T00:05:55.530+05:30  INFO 6736 --- [main] c.c.a.controller.CategoryControllerTest  : Started CategoryControllerTest in 9.039 seconds (process running for 14.721)
2023-10-10T00:05:55.761+05:30  INFO 6736 --- [main] c.c.a.controller.CategoryController      : Category Successfully Added
2023-10-10T00:05:55.790+05:30  INFO 6736 --- [main] c.c.a.controller.CategoryController      : Successfully Retrieved Categories
2023-10-10T00:05:55.811+05:30  INFO 6736 --- [main] c.c.a.controller.CategoryController      : Category Successfully Updated
2023-10-10T00:05:55.831+05:30  INFO 6736 --- [main] c.c.a.controller.CategoryController      : Category Successfully Deleted
2023-10-10T00:05:55.851+05:30  INFO 6736 --- [main] c.c.a.controller.CategoryController      : Successfully Retrieved Category by Id
2023-10-10T00:05:55.871+05:30  INFO 6736 --- [main] t.c.s.AnnotationConfigContextLoaderUtils : Could not detect default configuration classes for test class [com.capstone.assessmentportal.controller.QuestionControllerTest]: QuestionControllerTest does not declare any static, non-private, non-final, nested classes annotated with @Configuration.
2023-10-10T00:05:55.878+05:30  INFO 6736 --- [main] .b.t.c.SpringBootTestContextBootstrapper : Found @SpringBootConfiguration com.capstone.assessmentportal.AssessmentPortalApplication for test class com.capstone.assessmentportal.controller.QuestionControllerTest
2023-10-10T00:05:55.960+05:30  INFO 6736 --- [main] c.c.a.controller.QuestionController      : Question Successfully Updated
2023-10-10T00:05:55.991+05:30  INFO 6736 --- [main] c.c.a.controller.QuestionController      : Question Successfully Deleted
2023-10-10T00:05:56.010+05:30  INFO 6736 --- [main] c.c.a.controller.QuestionController      : Successfully Retrieved Questions By Quiz Id
2023-10-10T00:05:56.030+05:30  INFO 6736 --- [main] c.c.a.controller.QuestionController      : Question Successfully Added
2023-10-10T00:05:56.045+05:30  INFO 6736 --- [main] t.c.s.AnnotationConfigContextLoaderUtils : Could not detect default configuration classes for test class [com.capstone.assessmentportal.controller.ResultsControllerTest]: ResultsControllerTest does not declare any static, non-private, non-final, nested classes annotated with @Configuration.
2023-10-10T00:05:56.050+05:30  INFO 6736 --- [main] .b.t.c.SpringBootTestContextBootstrapper : Found @SpringBootConfiguration com.capstone.assessmentportal.AssessmentPortalApplication for test class com.capstone.assessmentportal.controller.ResultsControllerTest
2023-10-10T00:05:56.118+05:30  INFO 6736 --- [main] c.c.a.controller.ResultsController       : Results Successfully Retrieved
2023-10-10T00:05:56.131+05:30  INFO 6736 --- [main] c.c.a.controller.ResultsController       : Results Successfully Retrieved
2023-10-10T00:05:56.152+05:30  INFO 6736 --- [main] c.c.a.controller.ResultsController       : Results Successfully Added
2023-10-10T00:05:56.165+05:30  INFO 6736 --- [main] t.c.s.AnnotationConfigContextLoaderUtils : Could not detect default configuration classes for test class [com.capstone.assessmentportal.controller.SubCategoryControllerTest]: SubCategoryControllerTest does not declare any static, non-private, non-final, nested classes annotated with @Configuration.
2023-10-10T00:05:56.168+05:30  INFO 6736 --- [main] .b.t.c.SpringBootTestContextBootstrapper : Found @SpringBootConfiguration com.capstone.assessmentportal.AssessmentPortalApplication for test class com.capstone.assessmentportal.controller.SubCategoryControllerTest
2023-10-10T00:05:56.246+05:30  INFO 6736 --- [main] c.c.a.controller.SubCategoryController   : Quiz Successfully Updated
2023-10-10T00:05:56.263+05:30  INFO 6736 --- [main] c.c.a.controller.SubCategoryController   : Successfully Retrieved Quizes by Id
2023-10-10T00:05:56.276+05:30  INFO 6736 --- [main] c.c.a.controller.SubCategoryController   : Successfully Retrieved Quizes
2023-10-10T00:05:56.289+05:30  INFO 6736 --- [main] c.c.a.controller.SubCategoryController   : Successfully Retrieved Quizes by Category Id
2023-10-10T00:05:56.302+05:30  INFO 6736 --- [main] c.c.a.controller.SubCategoryController   : Quiz Successfully Deleted
2023-10-10T00:05:56.319+05:30  INFO 6736 --- [main] c.c.a.controller.SubCategoryController   : Quiz Successfully Added
2023-10-10T00:05:56.331+05:30  INFO 6736 --- [main] t.c.s.AnnotationConfigContextLoaderUtils : Could not detect default configuration classes for test class [com.capstone.assessmentportal.controller.UsersControllerTest]: UsersControllerTest does not declare any static, non-private, non-final, nested classes annotated with @Configuration.
2023-10-10T00:05:56.336+05:30  INFO 6736 --- [main] .b.t.c.SpringBootTestContextBootstrapper : Found @SpringBootConfiguration com.capstone.assessmentportal.AssessmentPortalApplication for test class com.capstone.assessmentportal.controller.UsersControllerTest
2023-10-10T00:05:56.426+05:30  INFO 6736 --- [main] c.c.a.controller.UsersController         : Successfully Validated
2023-10-10T00:05:56.437+05:30  INFO 6736 --- [main] c.c.a.controller.UsersController         : User Successfully Deleted
2023-10-10T00:05:56.453+05:30  INFO 6736 --- [main] c.c.a.controller.UsersController         : Retrieved User details by Id
2023-10-10T00:05:56.465+05:30  INFO 6736 --- [main] c.c.a.controller.UsersController         : User successfully logged in
2023-10-10T00:05:56.476+05:30  INFO 6736 --- [main] c.c.a.controller.UsersController         : Retrieved student details by EmailId
2023-10-10T00:05:56.499+05:30  INFO 6736 --- [main] c.c.a.controller.UsersController         : User successfully registered
2023-10-10T00:05:56.509+05:30  INFO 6736 --- [main] c.c.a.controller.UsersController         : User Successfully Updated
2023-10-10T00:05:56.518+05:30  INFO 6736 --- [main] t.c.s.AnnotationConfigContextLoaderUtils : Could not detect default configuration classes for test class [com.capstone.assessmentportal.controlleradvice.GlobalExceptionHandlerTest]: GlobalExceptionHandlerTest does not declare any static, non-private, non-final, nested classes annotated with @Configuration.
2023-10-10T00:05:56.555+05:30  INFO 6736 --- [main] .b.t.c.SpringBootTestContextBootstrapper : Found @SpringBootConfiguration com.capstone.assessmentportal.AssessmentPortalApplication for test class com.capstone.assessmentportal.controlleradvice.GlobalExceptionHandlerTest
2023-10-10T00:05:56.962+05:30  INFO 6736 --- [main] t.c.s.AnnotationConfigContextLoaderUtils : Could not detect default configuration classes for test class [com.capstone.assessmentportal.AssessmentPortalApplicationTests]: AssessmentPortalApplicationTests does not declare any static, non-private, non-final, nested classes annotated with @Configuration.
2023-10-10T00:05:56.974+05:30  INFO 6736 --- [main] .b.t.c.SpringBootTestContextBootstrapper : Found @SpringBootConfiguration com.capstone.assessmentportal.AssessmentPortalApplication for test class com.capstone.assessmentportal.AssessmentPortalApplicationTests
2023-10-10T00:05:57.065+05:30  INFO 6736 --- [main] c.c.a.AssessmentPortalApplication        : Starting AssessmentPortalApplication using Java 17.0.8 with PID 6736 (started by Jaya Madhuri in D:\Tasks\Capstone\BackEnd\assessment-portal)
2023-10-10T00:05:57.065+05:30  INFO 6736 --- [main] c.c.a.AssessmentPortalApplication        : No active profile set, falling back to 1 default profile: "default"
2023-10-10T00:05:57.566+05:30  INFO 6736 --- [main] .s.d.r.c.RepositoryConfigurationDelegate : Bootstrapping Spring Data JPA repositories in DEFAULT mode.
2023-10-10T00:05:57.631+05:30  INFO 6736 --- [main] .s.d.r.c.RepositoryConfigurationDelegate : Finished Spring Data repository scanning in 63 ms. Found 5 JPA repository interfaces.
2023-10-10T00:05:58.106+05:30  INFO 6736 --- [main] o.s.b.w.embedded.tomcat.TomcatWebServer  : Tomcat initialized with port(s): 6060 (http)
2023-10-10T00:05:58.128+05:30  INFO 6736 --- [main] o.apache.catalina.core.StandardService   : Starting service [Tomcat]
2023-10-10T00:05:58.131+05:30  INFO 6736 --- [main] o.apache.catalina.core.StandardEngine    : Starting Servlet engine: [Apache Tomcat/10.1.11]
2023-10-10T00:05:58.318+05:30  INFO 6736 --- [main] o.a.c.c.C.[Tomcat].[localhost].[/]       : Initializing Spring embedded WebApplicationContext
2023-10-10T00:05:58.319+05:30  INFO 6736 --- [main] w.s.c.ServletWebServerApplicationContext : Root WebApplicationContext: initialization completed in 1248 ms
2023-10-10T00:05:58.512+05:30  INFO 6736 --- [main] o.hibernate.jpa.internal.util.LogHelper  : HHH000204: Processing PersistenceUnitInfo [name: default]
2023-10-10T00:05:58.542+05:30  INFO 6736 --- [main] o.h.b.i.BytecodeProviderInitiator        : HHH000021: Bytecode provider name : bytebuddy
2023-10-10T00:05:58.543+05:30  INFO 6736 --- [main] o.s.o.j.p.SpringPersistenceUnitInfo      : No LoadTimeWeaver setup: ignoring JPA class transformer
2023-10-10T00:05:58.545+05:30  INFO 6736 --- [main] com.zaxxer.hikari.HikariDataSource       : HikariPool-2 - Starting...
2023-10-10T00:05:58.634+05:30  INFO 6736 --- [main] com.zaxxer.hikari.pool.HikariPool        : HikariPool-2 - Added connection org.postgresql.jdbc.PgConnection@22974eba
2023-10-10T00:05:58.635+05:30  INFO 6736 --- [main] com.zaxxer.hikari.HikariDataSource       : HikariPool-2 - Start completed.
2023-10-10T00:05:58.741+05:30  INFO 6736 --- [main] o.h.b.i.BytecodeProviderInitiator        : HHH000021: Bytecode provider name : bytebuddy
2023-10-10T00:05:58.943+05:30  INFO 6736 --- [main] o.h.e.t.j.p.i.JtaPlatformInitiator       : HHH000490: Using JtaPlatform implementation: [org.hibernate.engine.transaction.jta.platform.internal.NoJtaPlatform]
2023-10-10T00:05:59.116+05:30  INFO 6736 --- [main] j.LocalContainerEntityManagerFactoryBean : Initialized JPA EntityManagerFactory for persistence unit 'default'
2023-10-10T00:05:59.528+05:30  WARN 6736 --- [main] JpaBaseConfiguration$JpaWebConfiguration : spring.jpa.open-in-view is enabled by default. Therefore, database queries may be performed during view rendering. Explicitly configure spring.jpa.open-in-view to disable this warning
2023-10-10T00:05:59.906+05:30  INFO 6736 --- [main] o.s.b.w.embedded.tomcat.TomcatWebServer  : Tomcat started on port(s): 6060 (http) with context path ''
2023-10-10T00:05:59.922+05:30  INFO 6736 --- [main] c.c.a.AssessmentPortalApplication        : Started AssessmentPortalApplication in 2.935 seconds (process running for 19.114)
2023-10-10T00:05:59.936+05:30  INFO 6736 --- [main] t.c.s.AnnotationConfigContextLoaderUtils : Could not detect default configuration classes for test class [com.capstone.assessmentportal.customannotations.DateOfBirthValidatorTest]: DateOfBirthValidatorTest does not declare any static, non-private, non-final, nested classes annotated with @Configuration.
2023-10-10T00:05:59.957+05:30  INFO 6736 --- [main] .b.t.c.SpringBootTestContextBootstrapper : Found @SpringBootConfiguration com.capstone.assessmentportal.AssessmentPortalApplication for test class com.capstone.assessmentportal.customannotations.DateOfBirthValidatorTest
2023-10-10T00:05:59.993+05:30  INFO 6736 --- [SpringApplicationShutdownHook] j.LocalContainerEntityManagerFactoryBean : Closing JPA EntityManagerFactory for persistence unit 'default'
2023-10-10T00:05:59.997+05:30  INFO 6736 --- [SpringApplicationShutdownHook] com.zaxxer.hikari.HikariDataSource       : HikariPool-1 - Shutdown initiated...
2023-10-10T00:06:00.024+05:30  INFO 6736 --- [SpringApplicationShutdownHook] com.zaxxer.hikari.HikariDataSource       : HikariPool-1 - Shutdown completed.
2023-10-10T00:06:00.125+05:30  INFO 6736 --- [SpringApplicationShutdownHook] j.LocalContainerEntityManagerFactoryBean : Closing JPA EntityManagerFactory for persistence unit 'default'
2023-10-10T00:06:00.127+05:30  INFO 6736 --- [SpringApplicationShutdownHook] com.zaxxer.hikari.HikariDataSource       : HikariPool-2 - Shutdown initiated...
2023-10-10T00:06:00.136+05:30  INFO 6736 --- [SpringApplicationShutdownHook] com.zaxxer.hikari.HikariDataSource       : HikariPool-2 - Shutdown completed.
2023-10-10T00:07:33.403+05:30  INFO 16452 --- [main] c.c.a.controller.CategoryControllerTest  : Starting CategoryControllerTest using Java 17.0.8 with PID 16452 (started by Jaya Madhuri in D:\Tasks\Capstone\BackEnd\assessment-portal)
2023-10-10T00:07:33.411+05:30  INFO 16452 --- [main] c.c.a.controller.CategoryControllerTest  : No active profile set, falling back to 1 default profile: "default"
2023-10-10T00:07:34.893+05:30  INFO 16452 --- [main] .s.d.r.c.RepositoryConfigurationDelegate : Bootstrapping Spring Data JPA repositories in DEFAULT mode.
2023-10-10T00:07:35.060+05:30  INFO 16452 --- [main] .s.d.r.c.RepositoryConfigurationDelegate : Finished Spring Data repository scanning in 148 ms. Found 5 JPA repository interfaces.
2023-10-10T00:07:35.954+05:30  INFO 16452 --- [main] o.hibernate.jpa.internal.util.LogHelper  : HHH000204: Processing PersistenceUnitInfo [name: default]
2023-10-10T00:07:36.092+05:30  INFO 16452 --- [main] org.hibernate.Version                    : HHH000412: Hibernate ORM core version 6.2.6.Final
2023-10-10T00:07:36.097+05:30  INFO 16452 --- [main] org.hibernate.cfg.Environment            : HHH000406: Using bytecode reflection optimizer
2023-10-10T00:07:36.345+05:30  INFO 16452 --- [main] o.h.b.i.BytecodeProviderInitiator        : HHH000021: Bytecode provider name : bytebuddy
2023-10-10T00:07:36.364+05:30  INFO 16452 --- [main] o.s.o.j.p.SpringPersistenceUnitInfo      : No LoadTimeWeaver setup: ignoring JPA class transformer
2023-10-10T00:07:36.395+05:30  INFO 16452 --- [main] com.zaxxer.hikari.HikariDataSource       : HikariPool-1 - Starting...
2023-10-10T00:07:36.770+05:30  INFO 16452 --- [main] com.zaxxer.hikari.pool.HikariPool        : HikariPool-1 - Added connection org.postgresql.jdbc.PgConnection@2ba9f743
2023-10-10T00:07:36.774+05:30  INFO 16452 --- [main] com.zaxxer.hikari.HikariDataSource       : HikariPool-1 - Start completed.
2023-10-10T00:07:37.493+05:30  INFO 16452 --- [main] o.h.b.i.BytecodeProviderInitiator        : HHH000021: Bytecode provider name : bytebuddy
2023-10-10T00:07:38.395+05:30  INFO 16452 --- [main] o.h.e.t.j.p.i.JtaPlatformInitiator       : HHH000490: Using JtaPlatform implementation: [org.hibernate.engine.transaction.jta.platform.internal.NoJtaPlatform]
2023-10-10T00:07:38.553+05:30  INFO 16452 --- [main] j.LocalContainerEntityManagerFactoryBean : Initialized JPA EntityManagerFactory for persistence unit 'default'
2023-10-10T00:07:39.106+05:30  INFO 16452 --- [main] o.s.d.j.r.query.QueryEnhancerFactory     : Hibernate is in classpath; If applicable, HQL parser will be used.
2023-10-10T00:07:40.357+05:30  WARN 16452 --- [main] JpaBaseConfiguration$JpaWebConfiguration : spring.jpa.open-in-view is enabled by default. Therefore, database queries may be performed during view rendering. Explicitly configure spring.jpa.open-in-view to disable this warning
2023-10-10T00:07:41.030+05:30  INFO 16452 --- [main] c.c.a.controller.CategoryControllerTest  : Started CategoryControllerTest in 8.346 seconds (process running for 13.837)
2023-10-10T00:07:41.230+05:30  INFO 16452 --- [main] c.c.a.controller.CategoryController      : Category Successfully Added
2023-10-10T00:07:41.261+05:30  INFO 16452 --- [main] c.c.a.controller.CategoryController      : Successfully Retrieved Categories
2023-10-10T00:07:41.276+05:30  INFO 16452 --- [main] c.c.a.controller.CategoryController      : Category Successfully Updated
2023-10-10T00:07:41.295+05:30  INFO 16452 --- [main] c.c.a.controller.CategoryController      : Category Successfully Deleted
2023-10-10T00:07:41.315+05:30  INFO 16452 --- [main] c.c.a.controller.CategoryController      : Successfully Retrieved Category by Id
2023-10-10T00:07:41.335+05:30  INFO 16452 --- [main] t.c.s.AnnotationConfigContextLoaderUtils : Could not detect default configuration classes for test class [com.capstone.assessmentportal.controller.QuestionControllerTest]: QuestionControllerTest does not declare any static, non-private, non-final, nested classes annotated with @Configuration.
2023-10-10T00:07:41.340+05:30  INFO 16452 --- [main] .b.t.c.SpringBootTestContextBootstrapper : Found @SpringBootConfiguration com.capstone.assessmentportal.AssessmentPortalApplication for test class com.capstone.assessmentportal.controller.QuestionControllerTest
2023-10-10T00:07:41.428+05:30  INFO 16452 --- [main] c.c.a.controller.QuestionController      : Question Successfully Updated
2023-10-10T00:07:41.450+05:30  INFO 16452 --- [main] c.c.a.controller.QuestionController      : Question Successfully Deleted
2023-10-10T00:07:41.475+05:30  INFO 16452 --- [main] c.c.a.controller.QuestionController      : Successfully Retrieved Questions By Quiz Id
2023-10-10T00:07:41.494+05:30  INFO 16452 --- [main] c.c.a.controller.QuestionController      : Question Successfully Added
2023-10-10T00:07:41.507+05:30  INFO 16452 --- [main] t.c.s.AnnotationConfigContextLoaderUtils : Could not detect default configuration classes for test class [com.capstone.assessmentportal.controller.ResultsControllerTest]: ResultsControllerTest does not declare any static, non-private, non-final, nested classes annotated with @Configuration.
2023-10-10T00:07:41.512+05:30  INFO 16452 --- [main] .b.t.c.SpringBootTestContextBootstrapper : Found @SpringBootConfiguration com.capstone.assessmentportal.AssessmentPortalApplication for test class com.capstone.assessmentportal.controller.ResultsControllerTest
2023-10-10T00:07:41.577+05:30  INFO 16452 --- [main] c.c.a.controller.ResultsController       : Results Successfully Retrieved
2023-10-10T00:07:41.592+05:30  INFO 16452 --- [main] c.c.a.controller.ResultsController       : Results Successfully Retrieved
2023-10-10T00:07:41.605+05:30  INFO 16452 --- [main] c.c.a.controller.ResultsController       : Results Successfully Added
2023-10-10T00:07:41.617+05:30  INFO 16452 --- [main] t.c.s.AnnotationConfigContextLoaderUtils : Could not detect default configuration classes for test class [com.capstone.assessmentportal.controller.SubCategoryControllerTest]: SubCategoryControllerTest does not declare any static, non-private, non-final, nested classes annotated with @Configuration.
2023-10-10T00:07:41.622+05:30  INFO 16452 --- [main] .b.t.c.SpringBootTestContextBootstrapper : Found @SpringBootConfiguration com.capstone.assessmentportal.AssessmentPortalApplication for test class com.capstone.assessmentportal.controller.SubCategoryControllerTest
2023-10-10T00:07:41.701+05:30  INFO 16452 --- [main] c.c.a.controller.SubCategoryController   : Quiz Successfully Updated
2023-10-10T00:07:41.716+05:30  INFO 16452 --- [main] c.c.a.controller.SubCategoryController   : Successfully Retrieved Quizes by Id
2023-10-10T00:07:41.733+05:30  INFO 16452 --- [main] c.c.a.controller.SubCategoryController   : Successfully Retrieved Quizes
2023-10-10T00:07:41.750+05:30  INFO 16452 --- [main] c.c.a.controller.SubCategoryController   : Successfully Retrieved Quizes by Category Id
2023-10-10T00:07:41.764+05:30  INFO 16452 --- [main] c.c.a.controller.SubCategoryController   : Quiz Successfully Deleted
2023-10-10T00:07:41.780+05:30  INFO 16452 --- [main] c.c.a.controller.SubCategoryController   : Quiz Successfully Added
2023-10-10T00:07:41.792+05:30  INFO 16452 --- [main] t.c.s.AnnotationConfigContextLoaderUtils : Could not detect default configuration classes for test class [com.capstone.assessmentportal.controller.UsersControllerTest]: UsersControllerTest does not declare any static, non-private, non-final, nested classes annotated with @Configuration.
2023-10-10T00:07:41.796+05:30  INFO 16452 --- [main] .b.t.c.SpringBootTestContextBootstrapper : Found @SpringBootConfiguration com.capstone.assessmentportal.AssessmentPortalApplication for test class com.capstone.assessmentportal.controller.UsersControllerTest
2023-10-10T00:07:41.862+05:30  INFO 16452 --- [main] c.c.a.controller.UsersController         : Successfully Validated
2023-10-10T00:07:41.875+05:30  INFO 16452 --- [main] c.c.a.controller.UsersController         : User Successfully Deleted
2023-10-10T00:07:41.885+05:30  INFO 16452 --- [main] c.c.a.controller.UsersController         : Retrieved User details by Id
2023-10-10T00:07:41.897+05:30  INFO 16452 --- [main] c.c.a.controller.UsersController         : User successfully logged in
2023-10-10T00:07:41.912+05:30  INFO 16452 --- [main] c.c.a.controller.UsersController         : Retrieved student details by EmailId
2023-10-10T00:07:41.922+05:30  INFO 16452 --- [main] c.c.a.controller.UsersController         : User successfully registered
2023-10-10T00:07:41.932+05:30  INFO 16452 --- [main] c.c.a.controller.UsersController         : User Successfully Updated
2023-10-10T00:07:41.943+05:30  INFO 16452 --- [main] t.c.s.AnnotationConfigContextLoaderUtils : Could not detect default configuration classes for test class [com.capstone.assessmentportal.controlleradvice.GlobalExceptionHandlerTest]: GlobalExceptionHandlerTest does not declare any static, non-private, non-final, nested classes annotated with @Configuration.
2023-10-10T00:07:41.968+05:30  INFO 16452 --- [main] .b.t.c.SpringBootTestContextBootstrapper : Found @SpringBootConfiguration com.capstone.assessmentportal.AssessmentPortalApplication for test class com.capstone.assessmentportal.controlleradvice.GlobalExceptionHandlerTest
2023-10-10T00:07:42.343+05:30  INFO 16452 --- [main] t.c.s.AnnotationConfigContextLoaderUtils : Could not detect default configuration classes for test class [com.capstone.assessmentportal.AssessmentPortalApplicationTests]: AssessmentPortalApplicationTests does not declare any static, non-private, non-final, nested classes annotated with @Configuration.
2023-10-10T00:07:42.359+05:30  INFO 16452 --- [main] .b.t.c.SpringBootTestContextBootstrapper : Found @SpringBootConfiguration com.capstone.assessmentportal.AssessmentPortalApplication for test class com.capstone.assessmentportal.AssessmentPortalApplicationTests
2023-10-10T00:07:42.434+05:30  INFO 16452 --- [main] c.c.a.AssessmentPortalApplication        : Starting AssessmentPortalApplication using Java 17.0.8 with PID 16452 (started by Jaya Madhuri in D:\Tasks\Capstone\BackEnd\assessment-portal)
2023-10-10T00:07:42.436+05:30  INFO 16452 --- [main] c.c.a.AssessmentPortalApplication        : No active profile set, falling back to 1 default profile: "default"
2023-10-10T00:07:42.858+05:30  INFO 16452 --- [main] .s.d.r.c.RepositoryConfigurationDelegate : Bootstrapping Spring Data JPA repositories in DEFAULT mode.
2023-10-10T00:07:42.895+05:30  INFO 16452 --- [main] .s.d.r.c.RepositoryConfigurationDelegate : Finished Spring Data repository scanning in 35 ms. Found 5 JPA repository interfaces.
2023-10-10T00:07:43.325+05:30  INFO 16452 --- [main] o.s.b.w.embedded.tomcat.TomcatWebServer  : Tomcat initialized with port(s): 6060 (http)
2023-10-10T00:07:43.352+05:30  INFO 16452 --- [main] o.apache.catalina.core.StandardService   : Starting service [Tomcat]
2023-10-10T00:07:43.354+05:30  INFO 16452 --- [main] o.apache.catalina.core.StandardEngine    : Starting Servlet engine: [Apache Tomcat/10.1.11]
2023-10-10T00:07:43.561+05:30  INFO 16452 --- [main] o.a.c.c.C.[Tomcat].[localhost].[/]       : Initializing Spring embedded WebApplicationContext
2023-10-10T00:07:43.563+05:30  INFO 16452 --- [main] w.s.c.ServletWebServerApplicationContext : Root WebApplicationContext: initialization completed in 1119 ms
2023-10-10T00:07:43.768+05:30  INFO 16452 --- [main] o.hibernate.jpa.internal.util.LogHelper  : HHH000204: Processing PersistenceUnitInfo [name: default]
2023-10-10T00:07:43.801+05:30  INFO 16452 --- [main] o.h.b.i.BytecodeProviderInitiator        : HHH000021: Bytecode provider name : bytebuddy
2023-10-10T00:07:43.802+05:30  INFO 16452 --- [main] o.s.o.j.p.SpringPersistenceUnitInfo      : No LoadTimeWeaver setup: ignoring JPA class transformer
2023-10-10T00:07:43.806+05:30  INFO 16452 --- [main] com.zaxxer.hikari.HikariDataSource       : HikariPool-2 - Starting...
2023-10-10T00:07:43.892+05:30  INFO 16452 --- [main] com.zaxxer.hikari.pool.HikariPool        : HikariPool-2 - Added connection org.postgresql.jdbc.PgConnection@35cf5d9
2023-10-10T00:07:43.893+05:30  INFO 16452 --- [main] com.zaxxer.hikari.HikariDataSource       : HikariPool-2 - Start completed.
2023-10-10T00:07:43.989+05:30  INFO 16452 --- [main] o.h.b.i.BytecodeProviderInitiator        : HHH000021: Bytecode provider name : bytebuddy
2023-10-10T00:07:44.174+05:30  INFO 16452 --- [main] o.h.e.t.j.p.i.JtaPlatformInitiator       : HHH000490: Using JtaPlatform implementation: [org.hibernate.engine.transaction.jta.platform.internal.NoJtaPlatform]
2023-10-10T00:07:44.317+05:30  INFO 16452 --- [main] j.LocalContainerEntityManagerFactoryBean : Initialized JPA EntityManagerFactory for persistence unit 'default'
2023-10-10T00:07:44.681+05:30  WARN 16452 --- [main] JpaBaseConfiguration$JpaWebConfiguration : spring.jpa.open-in-view is enabled by default. Therefore, database queries may be performed during view rendering. Explicitly configure spring.jpa.open-in-view to disable this warning
2023-10-10T00:07:44.995+05:30  INFO 16452 --- [main] o.s.b.w.embedded.tomcat.TomcatWebServer  : Tomcat started on port(s): 6060 (http) with context path ''
2023-10-10T00:07:45.010+05:30  INFO 16452 --- [main] c.c.a.AssessmentPortalApplication        : Started AssessmentPortalApplication in 2.637 seconds (process running for 17.818)
2023-10-10T00:07:45.021+05:30  INFO 16452 --- [main] t.c.s.AnnotationConfigContextLoaderUtils : Could not detect default configuration classes for test class [com.capstone.assessmentportal.customannotations.DateOfBirthValidatorTest]: DateOfBirthValidatorTest does not declare any static, non-private, non-final, nested classes annotated with @Configuration.
2023-10-10T00:07:45.041+05:30  INFO 16452 --- [main] .b.t.c.SpringBootTestContextBootstrapper : Found @SpringBootConfiguration com.capstone.assessmentportal.AssessmentPortalApplication for test class com.capstone.assessmentportal.customannotations.DateOfBirthValidatorTest
2023-10-10T00:07:45.087+05:30  INFO 16452 --- [SpringApplicationShutdownHook] j.LocalContainerEntityManagerFactoryBean : Closing JPA EntityManagerFactory for persistence unit 'default'
2023-10-10T00:07:45.092+05:30  INFO 16452 --- [SpringApplicationShutdownHook] com.zaxxer.hikari.HikariDataSource       : HikariPool-1 - Shutdown initiated...
2023-10-10T00:07:45.111+05:30  INFO 16452 --- [SpringApplicationShutdownHook] com.zaxxer.hikari.HikariDataSource       : HikariPool-1 - Shutdown completed.
2023-10-10T00:07:45.152+05:30  INFO 16452 --- [SpringApplicationShutdownHook] j.LocalContainerEntityManagerFactoryBean : Closing JPA EntityManagerFactory for persistence unit 'default'
2023-10-10T00:07:45.154+05:30  INFO 16452 --- [SpringApplicationShutdownHook] com.zaxxer.hikari.HikariDataSource       : HikariPool-2 - Shutdown initiated...
2023-10-10T00:07:45.163+05:30  INFO 16452 --- [SpringApplicationShutdownHook] com.zaxxer.hikari.HikariDataSource       : HikariPool-2 - Shutdown completed.
2023-10-10T00:10:28.492+05:30  INFO 11288 --- [main] c.c.a.controller.CategoryControllerTest  : Starting CategoryControllerTest using Java 17.0.8 with PID 11288 (started by Jaya Madhuri in D:\Tasks\Capstone\BackEnd\assessment-portal)
2023-10-10T00:10:28.497+05:30  INFO 11288 --- [main] c.c.a.controller.CategoryControllerTest  : No active profile set, falling back to 1 default profile: "default"
2023-10-10T00:10:29.777+05:30  INFO 11288 --- [main] .s.d.r.c.RepositoryConfigurationDelegate : Bootstrapping Spring Data JPA repositories in DEFAULT mode.
2023-10-10T00:10:29.930+05:30  INFO 11288 --- [main] .s.d.r.c.RepositoryConfigurationDelegate : Finished Spring Data repository scanning in 137 ms. Found 5 JPA repository interfaces.
2023-10-10T00:10:30.867+05:30  INFO 11288 --- [main] o.hibernate.jpa.internal.util.LogHelper  : HHH000204: Processing PersistenceUnitInfo [name: default]
2023-10-10T00:10:31.015+05:30  INFO 11288 --- [main] org.hibernate.Version                    : HHH000412: Hibernate ORM core version 6.2.6.Final
2023-10-10T00:10:31.025+05:30  INFO 11288 --- [main] org.hibernate.cfg.Environment            : HHH000406: Using bytecode reflection optimizer
2023-10-10T00:10:31.460+05:30  INFO 11288 --- [main] o.h.b.i.BytecodeProviderInitiator        : HHH000021: Bytecode provider name : bytebuddy
2023-10-10T00:10:31.750+05:30  INFO 11288 --- [main] o.s.o.j.p.SpringPersistenceUnitInfo      : No LoadTimeWeaver setup: ignoring JPA class transformer
2023-10-10T00:10:31.790+05:30  INFO 11288 --- [main] com.zaxxer.hikari.HikariDataSource       : HikariPool-1 - Starting...
2023-10-10T00:10:32.277+05:30  INFO 11288 --- [main] com.zaxxer.hikari.pool.HikariPool        : HikariPool-1 - Added connection org.postgresql.jdbc.PgConnection@3a3883c4
2023-10-10T00:10:32.282+05:30  INFO 11288 --- [main] com.zaxxer.hikari.HikariDataSource       : HikariPool-1 - Start completed.
2023-10-10T00:10:33.036+05:30  INFO 11288 --- [main] o.h.b.i.BytecodeProviderInitiator        : HHH000021: Bytecode provider name : bytebuddy
2023-10-10T00:10:34.479+05:30  INFO 11288 --- [main] o.h.e.t.j.p.i.JtaPlatformInitiator       : HHH000490: Using JtaPlatform implementation: [org.hibernate.engine.transaction.jta.platform.internal.NoJtaPlatform]
2023-10-10T00:10:34.654+05:30  INFO 11288 --- [main] j.LocalContainerEntityManagerFactoryBean : Initialized JPA EntityManagerFactory for persistence unit 'default'
2023-10-10T00:10:35.257+05:30  INFO 11288 --- [main] o.s.d.j.r.query.QueryEnhancerFactory     : Hibernate is in classpath; If applicable, HQL parser will be used.
2023-10-10T00:10:36.722+05:30  WARN 11288 --- [main] JpaBaseConfiguration$JpaWebConfiguration : spring.jpa.open-in-view is enabled by default. Therefore, database queries may be performed during view rendering. Explicitly configure spring.jpa.open-in-view to disable this warning
2023-10-10T00:10:37.492+05:30  INFO 11288 --- [main] c.c.a.controller.CategoryControllerTest  : Started CategoryControllerTest in 9.638 seconds (process running for 11.392)
2023-10-10T00:10:38.896+05:30  INFO 11288 --- [main] c.c.a.controller.CategoryController      : Category Successfully Added
2023-10-10T00:10:39.201+05:30  INFO 11288 --- [main] c.c.a.controller.CategoryController      : Successfully Retrieved Categories
2023-10-10T00:10:39.237+05:30  INFO 11288 --- [main] c.c.a.controller.CategoryController      : Category Successfully Updated
2023-10-10T00:10:39.257+05:30  INFO 11288 --- [main] c.c.a.controller.CategoryController      : Category Successfully Deleted
2023-10-10T00:10:39.287+05:30  INFO 11288 --- [main] c.c.a.controller.CategoryController      : Successfully Retrieved Category by Id
2023-10-10T00:10:39.322+05:30  INFO 11288 --- [SpringApplicationShutdownHook] j.LocalContainerEntityManagerFactoryBean : Closing JPA EntityManagerFactory for persistence unit 'default'
2023-10-10T00:10:39.330+05:30  INFO 11288 --- [SpringApplicationShutdownHook] com.zaxxer.hikari.HikariDataSource       : HikariPool-1 - Shutdown initiated...
2023-10-10T00:10:39.339+05:30  INFO 11288 --- [SpringApplicationShutdownHook] com.zaxxer.hikari.HikariDataSource       : HikariPool-1 - Shutdown completed.
2023-10-10T00:13:32.014+05:30  INFO 29960 --- [main] c.c.a.controller.CategoryControllerTest  : Starting CategoryControllerTest using Java 17.0.8 with PID 29960 (started by Jaya Madhuri in D:\Tasks\Capstone\BackEnd\assessment-portal)
2023-10-10T00:13:32.021+05:30  INFO 29960 --- [main] c.c.a.controller.CategoryControllerTest  : No active profile set, falling back to 1 default profile: "default"
2023-10-10T00:13:33.343+05:30  INFO 29960 --- [main] .s.d.r.c.RepositoryConfigurationDelegate : Bootstrapping Spring Data JPA repositories in DEFAULT mode.
2023-10-10T00:13:33.541+05:30  INFO 29960 --- [main] .s.d.r.c.RepositoryConfigurationDelegate : Finished Spring Data repository scanning in 178 ms. Found 5 JPA repository interfaces.
2023-10-10T00:13:34.426+05:30  INFO 29960 --- [main] o.hibernate.jpa.internal.util.LogHelper  : HHH000204: Processing PersistenceUnitInfo [name: default]
2023-10-10T00:13:34.541+05:30  INFO 29960 --- [main] org.hibernate.Version                    : HHH000412: Hibernate ORM core version 6.2.6.Final
2023-10-10T00:13:34.547+05:30  INFO 29960 --- [main] org.hibernate.cfg.Environment            : HHH000406: Using bytecode reflection optimizer
2023-10-10T00:13:34.943+05:30  INFO 29960 --- [main] o.h.b.i.BytecodeProviderInitiator        : HHH000021: Bytecode provider name : bytebuddy
2023-10-10T00:13:35.210+05:30  INFO 29960 --- [main] o.s.o.j.p.SpringPersistenceUnitInfo      : No LoadTimeWeaver setup: ignoring JPA class transformer
2023-10-10T00:13:35.265+05:30  INFO 29960 --- [main] com.zaxxer.hikari.HikariDataSource       : HikariPool-1 - Starting...
2023-10-10T00:13:35.694+05:30  INFO 29960 --- [main] com.zaxxer.hikari.pool.HikariPool        : HikariPool-1 - Added connection org.postgresql.jdbc.PgConnection@573aeab2
2023-10-10T00:13:35.698+05:30  INFO 29960 --- [main] com.zaxxer.hikari.HikariDataSource       : HikariPool-1 - Start completed.
2023-10-10T00:13:36.410+05:30  INFO 29960 --- [main] o.h.b.i.BytecodeProviderInitiator        : HHH000021: Bytecode provider name : bytebuddy
2023-10-10T00:13:37.520+05:30  INFO 29960 --- [main] o.h.e.t.j.p.i.JtaPlatformInitiator       : HHH000490: Using JtaPlatform implementation: [org.hibernate.engine.transaction.jta.platform.internal.NoJtaPlatform]
2023-10-10T00:13:37.665+05:30  INFO 29960 --- [main] j.LocalContainerEntityManagerFactoryBean : Initialized JPA EntityManagerFactory for persistence unit 'default'
2023-10-10T00:13:38.170+05:30  INFO 29960 --- [main] o.s.d.j.r.query.QueryEnhancerFactory     : Hibernate is in classpath; If applicable, HQL parser will be used.
2023-10-10T00:13:39.405+05:30  WARN 29960 --- [main] JpaBaseConfiguration$JpaWebConfiguration : spring.jpa.open-in-view is enabled by default. Therefore, database queries may be performed during view rendering. Explicitly configure spring.jpa.open-in-view to disable this warning
2023-10-10T00:13:40.065+05:30  INFO 29960 --- [main] c.c.a.controller.CategoryControllerTest  : Started CategoryControllerTest in 8.71 seconds (process running for 10.468)
2023-10-10T00:13:41.253+05:30  INFO 29960 --- [main] c.c.a.controller.CategoryController      : Category Successfully Added
2023-10-10T00:13:41.520+05:30  INFO 29960 --- [main] c.c.a.controller.CategoryController      : Successfully Retrieved Categories
2023-10-10T00:13:41.592+05:30  INFO 29960 --- [main] c.c.a.controller.CategoryController      : Category Successfully Updated
2023-10-10T00:13:41.611+05:30  INFO 29960 --- [main] c.c.a.controller.CategoryController      : Category Successfully Deleted
2023-10-10T00:13:41.637+05:30  INFO 29960 --- [main] c.c.a.controller.CategoryController      : Successfully Retrieved Category by Id
2023-10-10T00:13:41.668+05:30  INFO 29960 --- [SpringApplicationShutdownHook] j.LocalContainerEntityManagerFactoryBean : Closing JPA EntityManagerFactory for persistence unit 'default'
2023-10-10T00:13:41.674+05:30  INFO 29960 --- [SpringApplicationShutdownHook] com.zaxxer.hikari.HikariDataSource       : HikariPool-1 - Shutdown initiated...
2023-10-10T00:13:41.694+05:30  INFO 29960 --- [SpringApplicationShutdownHook] com.zaxxer.hikari.HikariDataSource       : HikariPool-1 - Shutdown completed.
2023-10-10T00:15:00.315+05:30  INFO 9092 --- [main] c.c.a.controller.CategoryControllerTest  : Starting CategoryControllerTest using Java 17.0.8 with PID 9092 (started by Jaya Madhuri in D:\Tasks\Capstone\BackEnd\assessment-portal)
2023-10-10T00:15:00.321+05:30  INFO 9092 --- [main] c.c.a.controller.CategoryControllerTest  : No active profile set, falling back to 1 default profile: "default"
2023-10-10T00:15:01.644+05:30  INFO 9092 --- [main] .s.d.r.c.RepositoryConfigurationDelegate : Bootstrapping Spring Data JPA repositories in DEFAULT mode.
2023-10-10T00:15:01.830+05:30  INFO 9092 --- [main] .s.d.r.c.RepositoryConfigurationDelegate : Finished Spring Data repository scanning in 168 ms. Found 5 JPA repository interfaces.
2023-10-10T00:15:02.796+05:30  INFO 9092 --- [main] o.hibernate.jpa.internal.util.LogHelper  : HHH000204: Processing PersistenceUnitInfo [name: default]
2023-10-10T00:15:02.890+05:30  INFO 9092 --- [main] org.hibernate.Version                    : HHH000412: Hibernate ORM core version 6.2.6.Final
2023-10-10T00:15:02.894+05:30  INFO 9092 --- [main] org.hibernate.cfg.Environment            : HHH000406: Using bytecode reflection optimizer
2023-10-10T00:15:03.323+05:30  INFO 9092 --- [main] o.h.b.i.BytecodeProviderInitiator        : HHH000021: Bytecode provider name : bytebuddy
2023-10-10T00:15:03.629+05:30  INFO 9092 --- [main] o.s.o.j.p.SpringPersistenceUnitInfo      : No LoadTimeWeaver setup: ignoring JPA class transformer
2023-10-10T00:15:03.665+05:30  INFO 9092 --- [main] com.zaxxer.hikari.HikariDataSource       : HikariPool-1 - Starting...
2023-10-10T00:15:04.140+05:30  INFO 9092 --- [main] com.zaxxer.hikari.pool.HikariPool        : HikariPool-1 - Added connection org.postgresql.jdbc.PgConnection@4dd2ef54
2023-10-10T00:15:04.144+05:30  INFO 9092 --- [main] com.zaxxer.hikari.HikariDataSource       : HikariPool-1 - Start completed.
2023-10-10T00:15:04.892+05:30  INFO 9092 --- [main] o.h.b.i.BytecodeProviderInitiator        : HHH000021: Bytecode provider name : bytebuddy
2023-10-10T00:15:06.064+05:30  INFO 9092 --- [main] o.h.e.t.j.p.i.JtaPlatformInitiator       : HHH000490: Using JtaPlatform implementation: [org.hibernate.engine.transaction.jta.platform.internal.NoJtaPlatform]
2023-10-10T00:15:06.209+05:30  INFO 9092 --- [main] j.LocalContainerEntityManagerFactoryBean : Initialized JPA EntityManagerFactory for persistence unit 'default'
2023-10-10T00:15:06.782+05:30  INFO 9092 --- [main] o.s.d.j.r.query.QueryEnhancerFactory     : Hibernate is in classpath; If applicable, HQL parser will be used.
2023-10-10T00:15:08.085+05:30  WARN 9092 --- [main] JpaBaseConfiguration$JpaWebConfiguration : spring.jpa.open-in-view is enabled by default. Therefore, database queries may be performed during view rendering. Explicitly configure spring.jpa.open-in-view to disable this warning
2023-10-10T00:15:08.804+05:30  INFO 9092 --- [main] c.c.a.controller.CategoryControllerTest  : Started CategoryControllerTest in 9.169 seconds (process running for 10.879)
2023-10-10T00:15:10.204+05:30  INFO 9092 --- [main] c.c.a.controller.CategoryController      : Category Successfully Added
2023-10-10T00:15:10.486+05:30  INFO 9092 --- [main] c.c.a.controller.CategoryController      : Successfully Retrieved Categories
2023-10-10T00:15:10.522+05:30  INFO 9092 --- [main] c.c.a.controller.CategoryController      : Category Successfully Updated
2023-10-10T00:15:10.549+05:30  INFO 9092 --- [main] c.c.a.controller.CategoryController      : Category Successfully Deleted
2023-10-10T00:15:10.575+05:30  INFO 9092 --- [main] c.c.a.controller.CategoryController      : Successfully Retrieved Category by Id
2023-10-10T00:15:10.617+05:30  INFO 9092 --- [SpringApplicationShutdownHook] j.LocalContainerEntityManagerFactoryBean : Closing JPA EntityManagerFactory for persistence unit 'default'
2023-10-10T00:15:10.624+05:30  INFO 9092 --- [SpringApplicationShutdownHook] com.zaxxer.hikari.HikariDataSource       : HikariPool-1 - Shutdown initiated...
2023-10-10T00:15:10.648+05:30  INFO 9092 --- [SpringApplicationShutdownHook] com.zaxxer.hikari.HikariDataSource       : HikariPool-1 - Shutdown completed.
2023-10-10T00:18:50.309+05:30  INFO 21100 --- [main] c.c.a.controller.QuestionControllerTest  : Starting QuestionControllerTest using Java 17.0.8 with PID 21100 (started by Jaya Madhuri in D:\Tasks\Capstone\BackEnd\assessment-portal)
2023-10-10T00:18:50.314+05:30  INFO 21100 --- [main] c.c.a.controller.QuestionControllerTest  : No active profile set, falling back to 1 default profile: "default"
2023-10-10T00:18:51.665+05:30  INFO 21100 --- [main] .s.d.r.c.RepositoryConfigurationDelegate : Bootstrapping Spring Data JPA repositories in DEFAULT mode.
2023-10-10T00:18:51.891+05:30  INFO 21100 --- [main] .s.d.r.c.RepositoryConfigurationDelegate : Finished Spring Data repository scanning in 202 ms. Found 5 JPA repository interfaces.
2023-10-10T00:18:52.920+05:30  INFO 21100 --- [main] o.hibernate.jpa.internal.util.LogHelper  : HHH000204: Processing PersistenceUnitInfo [name: default]
2023-10-10T00:18:53.020+05:30  INFO 21100 --- [main] org.hibernate.Version                    : HHH000412: Hibernate ORM core version 6.2.6.Final
2023-10-10T00:18:53.028+05:30  INFO 21100 --- [main] org.hibernate.cfg.Environment            : HHH000406: Using bytecode reflection optimizer
2023-10-10T00:18:53.351+05:30  INFO 21100 --- [main] o.h.b.i.BytecodeProviderInitiator        : HHH000021: Bytecode provider name : bytebuddy
2023-10-10T00:18:53.656+05:30  INFO 21100 --- [main] o.s.o.j.p.SpringPersistenceUnitInfo      : No LoadTimeWeaver setup: ignoring JPA class transformer
2023-10-10T00:18:53.702+05:30  INFO 21100 --- [main] com.zaxxer.hikari.HikariDataSource       : HikariPool-1 - Starting...
2023-10-10T00:18:54.150+05:30  INFO 21100 --- [main] com.zaxxer.hikari.pool.HikariPool        : HikariPool-1 - Added connection org.postgresql.jdbc.PgConnection@6744707b
2023-10-10T00:18:54.154+05:30  INFO 21100 --- [main] com.zaxxer.hikari.HikariDataSource       : HikariPool-1 - Start completed.
2023-10-10T00:18:54.886+05:30  INFO 21100 --- [main] o.h.b.i.BytecodeProviderInitiator        : HHH000021: Bytecode provider name : bytebuddy
2023-10-10T00:18:56.081+05:30  INFO 21100 --- [main] o.h.e.t.j.p.i.JtaPlatformInitiator       : HHH000490: Using JtaPlatform implementation: [org.hibernate.engine.transaction.jta.platform.internal.NoJtaPlatform]
2023-10-10T00:18:56.252+05:30  INFO 21100 --- [main] j.LocalContainerEntityManagerFactoryBean : Initialized JPA EntityManagerFactory for persistence unit 'default'
2023-10-10T00:18:56.820+05:30  INFO 21100 --- [main] o.s.d.j.r.query.QueryEnhancerFactory     : Hibernate is in classpath; If applicable, HQL parser will be used.
2023-10-10T00:18:58.117+05:30  WARN 21100 --- [main] JpaBaseConfiguration$JpaWebConfiguration : spring.jpa.open-in-view is enabled by default. Therefore, database queries may be performed during view rendering. Explicitly configure spring.jpa.open-in-view to disable this warning
2023-10-10T00:18:58.811+05:30  INFO 21100 --- [main] c.c.a.controller.QuestionControllerTest  : Started QuestionControllerTest in 9.197 seconds (process running for 10.858)
2023-10-10T00:19:00.448+05:30  INFO 21100 --- [main] c.c.a.controller.QuestionController      : Question Successfully Updated
2023-10-10T00:19:00.706+05:30  INFO 21100 --- [main] c.c.a.controller.QuestionController      : Question Successfully Deleted
2023-10-10T00:19:00.735+05:30  INFO 21100 --- [main] c.c.a.controller.QuestionController      : Successfully Retrieved Questions By Quiz Id
2023-10-10T00:19:00.764+05:30  INFO 21100 --- [main] c.c.a.controller.QuestionController      : Question Successfully Added
2023-10-10T00:19:00.799+05:30  INFO 21100 --- [SpringApplicationShutdownHook] j.LocalContainerEntityManagerFactoryBean : Closing JPA EntityManagerFactory for persistence unit 'default'
2023-10-10T00:19:00.810+05:30  INFO 21100 --- [SpringApplicationShutdownHook] com.zaxxer.hikari.HikariDataSource       : HikariPool-1 - Shutdown initiated...
2023-10-10T00:19:00.836+05:30  INFO 21100 --- [SpringApplicationShutdownHook] com.zaxxer.hikari.HikariDataSource       : HikariPool-1 - Shutdown completed.
2023-10-10T00:34:40.332+05:30  INFO 12836 --- [main] c.c.a.controller.CategoryControllerTest  : Starting CategoryControllerTest using Java 17.0.8 with PID 12836 (started by Jaya Madhuri in D:\Tasks\Capstone\BackEnd\assessment-portal)
2023-10-10T00:34:40.339+05:30  INFO 12836 --- [main] c.c.a.controller.CategoryControllerTest  : No active profile set, falling back to 1 default profile: "default"
2023-10-10T00:34:41.750+05:30  INFO 12836 --- [main] .s.d.r.c.RepositoryConfigurationDelegate : Bootstrapping Spring Data JPA repositories in DEFAULT mode.
2023-10-10T00:34:41.904+05:30  INFO 12836 --- [main] .s.d.r.c.RepositoryConfigurationDelegate : Finished Spring Data repository scanning in 131 ms. Found 5 JPA repository interfaces.
2023-10-10T00:34:42.773+05:30  INFO 12836 --- [main] o.hibernate.jpa.internal.util.LogHelper  : HHH000204: Processing PersistenceUnitInfo [name: default]
2023-10-10T00:34:42.913+05:30  INFO 12836 --- [main] org.hibernate.Version                    : HHH000412: Hibernate ORM core version 6.2.6.Final
2023-10-10T00:34:42.919+05:30  INFO 12836 --- [main] org.hibernate.cfg.Environment            : HHH000406: Using bytecode reflection optimizer
2023-10-10T00:34:43.189+05:30  INFO 12836 --- [main] o.h.b.i.BytecodeProviderInitiator        : HHH000021: Bytecode provider name : bytebuddy
2023-10-10T00:34:43.208+05:30  INFO 12836 --- [main] o.s.o.j.p.SpringPersistenceUnitInfo      : No LoadTimeWeaver setup: ignoring JPA class transformer
2023-10-10T00:34:43.243+05:30  INFO 12836 --- [main] com.zaxxer.hikari.HikariDataSource       : HikariPool-1 - Starting...
2023-10-10T00:34:43.593+05:30  INFO 12836 --- [main] com.zaxxer.hikari.pool.HikariPool        : HikariPool-1 - Added connection org.postgresql.jdbc.PgConnection@696298ea
2023-10-10T00:34:43.603+05:30  INFO 12836 --- [main] com.zaxxer.hikari.HikariDataSource       : HikariPool-1 - Start completed.
2023-10-10T00:34:44.299+05:30  INFO 12836 --- [main] o.h.b.i.BytecodeProviderInitiator        : HHH000021: Bytecode provider name : bytebuddy
2023-10-10T00:34:45.268+05:30  INFO 12836 --- [main] o.h.e.t.j.p.i.JtaPlatformInitiator       : HHH000490: Using JtaPlatform implementation: [org.hibernate.engine.transaction.jta.platform.internal.NoJtaPlatform]
2023-10-10T00:34:45.422+05:30  INFO 12836 --- [main] j.LocalContainerEntityManagerFactoryBean : Initialized JPA EntityManagerFactory for persistence unit 'default'
2023-10-10T00:34:46.005+05:30  INFO 12836 --- [main] o.s.d.j.r.query.QueryEnhancerFactory     : Hibernate is in classpath; If applicable, HQL parser will be used.
2023-10-10T00:34:47.286+05:30  WARN 12836 --- [main] JpaBaseConfiguration$JpaWebConfiguration : spring.jpa.open-in-view is enabled by default. Therefore, database queries may be performed during view rendering. Explicitly configure spring.jpa.open-in-view to disable this warning
2023-10-10T00:34:48.025+05:30  INFO 12836 --- [main] c.c.a.controller.CategoryControllerTest  : Started CategoryControllerTest in 8.326 seconds (process running for 13.953)
2023-10-10T00:34:48.204+05:30  INFO 12836 --- [main] c.c.a.controller.CategoryController      : Category Successfully Added
2023-10-10T00:34:48.237+05:30  INFO 12836 --- [main] c.c.a.controller.CategoryController      : Successfully Retrieved Categories
2023-10-10T00:34:48.259+05:30  INFO 12836 --- [main] c.c.a.controller.CategoryController      : Category Successfully Updated
2023-10-10T00:34:48.280+05:30  INFO 12836 --- [main] c.c.a.controller.CategoryController      : Category Successfully Deleted
2023-10-10T00:34:48.300+05:30  INFO 12836 --- [main] c.c.a.controller.CategoryController      : Successfully Retrieved Category by Id
2023-10-10T00:34:48.316+05:30  INFO 12836 --- [main] t.c.s.AnnotationConfigContextLoaderUtils : Could not detect default configuration classes for test class [com.capstone.assessmentportal.controller.QuestionControllerTest]: QuestionControllerTest does not declare any static, non-private, non-final, nested classes annotated with @Configuration.
2023-10-10T00:34:48.323+05:30  INFO 12836 --- [main] .b.t.c.SpringBootTestContextBootstrapper : Found @SpringBootConfiguration com.capstone.assessmentportal.AssessmentPortalApplication for test class com.capstone.assessmentportal.controller.QuestionControllerTest
2023-10-10T00:34:48.450+05:30  INFO 12836 --- [main] c.c.a.controller.QuestionController      : Question Successfully Updated
2023-10-10T00:34:48.471+05:30  INFO 12836 --- [main] c.c.a.controller.QuestionController      : Question Successfully Deleted
2023-10-10T00:34:48.489+05:30  INFO 12836 --- [main] c.c.a.controller.QuestionController      : Successfully Retrieved Questions By Quiz Id
2023-10-10T00:34:48.505+05:30  INFO 12836 --- [main] c.c.a.controller.QuestionController      : Question Successfully Added
2023-10-10T00:34:48.516+05:30  INFO 12836 --- [main] t.c.s.AnnotationConfigContextLoaderUtils : Could not detect default configuration classes for test class [com.capstone.assessmentportal.controller.ResultsControllerTest]: ResultsControllerTest does not declare any static, non-private, non-final, nested classes annotated with @Configuration.
2023-10-10T00:34:48.521+05:30  INFO 12836 --- [main] .b.t.c.SpringBootTestContextBootstrapper : Found @SpringBootConfiguration com.capstone.assessmentportal.AssessmentPortalApplication for test class com.capstone.assessmentportal.controller.ResultsControllerTest
2023-10-10T00:34:48.631+05:30  INFO 12836 --- [main] c.c.a.controller.ResultsController       : Results Successfully Retrieved
2023-10-10T00:34:48.646+05:30  INFO 12836 --- [main] c.c.a.controller.ResultsController       : Results Successfully Retrieved
2023-10-10T00:34:48.661+05:30  INFO 12836 --- [main] c.c.a.controller.ResultsController       : Results Successfully Added
2023-10-10T00:34:48.670+05:30  INFO 12836 --- [main] t.c.s.AnnotationConfigContextLoaderUtils : Could not detect default configuration classes for test class [com.capstone.assessmentportal.controller.SubCategoryControllerTest]: SubCategoryControllerTest does not declare any static, non-private, non-final, nested classes annotated with @Configuration.
2023-10-10T00:34:48.673+05:30  INFO 12836 --- [main] .b.t.c.SpringBootTestContextBootstrapper : Found @SpringBootConfiguration com.capstone.assessmentportal.AssessmentPortalApplication for test class com.capstone.assessmentportal.controller.SubCategoryControllerTest
2023-10-10T00:34:48.752+05:30  INFO 12836 --- [main] c.c.a.controller.SubCategoryController   : Quiz Successfully Updated
2023-10-10T00:34:48.770+05:30  INFO 12836 --- [main] c.c.a.controller.SubCategoryController   : Successfully Retrieved Quizes by Id
2023-10-10T00:34:48.788+05:30  INFO 12836 --- [main] c.c.a.controller.SubCategoryController   : Successfully Retrieved Quizes
2023-10-10T00:34:48.805+05:30  INFO 12836 --- [main] c.c.a.controller.SubCategoryController   : Successfully Retrieved Quizes by Category Id
2023-10-10T00:34:48.819+05:30  INFO 12836 --- [main] c.c.a.controller.SubCategoryController   : Quiz Successfully Deleted
2023-10-10T00:34:48.832+05:30  INFO 12836 --- [main] c.c.a.controller.SubCategoryController   : Quiz Successfully Added
2023-10-10T00:34:48.842+05:30  INFO 12836 --- [main] t.c.s.AnnotationConfigContextLoaderUtils : Could not detect default configuration classes for test class [com.capstone.assessmentportal.controller.UsersControllerTest]: UsersControllerTest does not declare any static, non-private, non-final, nested classes annotated with @Configuration.
2023-10-10T00:34:48.845+05:30  INFO 12836 --- [main] .b.t.c.SpringBootTestContextBootstrapper : Found @SpringBootConfiguration com.capstone.assessmentportal.AssessmentPortalApplication for test class com.capstone.assessmentportal.controller.UsersControllerTest
2023-10-10T00:34:48.921+05:30  INFO 12836 --- [main] c.c.a.controller.UsersController         : Successfully Validated
2023-10-10T00:34:48.935+05:30  INFO 12836 --- [main] c.c.a.controller.UsersController         : User Successfully Deleted
2023-10-10T00:34:48.951+05:30  INFO 12836 --- [main] c.c.a.controller.UsersController         : Retrieved User details by Id
2023-10-10T00:34:48.965+05:30  INFO 12836 --- [main] c.c.a.controller.UsersController         : User successfully logged in
2023-10-10T00:34:48.978+05:30  INFO 12836 --- [main] c.c.a.controller.UsersController         : Retrieved student details by EmailId
2023-10-10T00:34:48.994+05:30  INFO 12836 --- [main] c.c.a.controller.UsersController         : User successfully registered
2023-10-10T00:34:49.006+05:30  INFO 12836 --- [main] c.c.a.controller.UsersController         : User Successfully Updated
2023-10-10T00:34:49.017+05:30  INFO 12836 --- [main] t.c.s.AnnotationConfigContextLoaderUtils : Could not detect default configuration classes for test class [com.capstone.assessmentportal.controlleradvice.GlobalExceptionHandlerTest]: GlobalExceptionHandlerTest does not declare any static, non-private, non-final, nested classes annotated with @Configuration.
2023-10-10T00:34:49.044+05:30  INFO 12836 --- [main] .b.t.c.SpringBootTestContextBootstrapper : Found @SpringBootConfiguration com.capstone.assessmentportal.AssessmentPortalApplication for test class com.capstone.assessmentportal.controlleradvice.GlobalExceptionHandlerTest
2023-10-10T00:34:49.469+05:30  INFO 12836 --- [main] t.c.s.AnnotationConfigContextLoaderUtils : Could not detect default configuration classes for test class [com.capstone.assessmentportal.AssessmentPortalApplicationTests]: AssessmentPortalApplicationTests does not declare any static, non-private, non-final, nested classes annotated with @Configuration.
2023-10-10T00:34:49.484+05:30  INFO 12836 --- [main] .b.t.c.SpringBootTestContextBootstrapper : Found @SpringBootConfiguration com.capstone.assessmentportal.AssessmentPortalApplication for test class com.capstone.assessmentportal.AssessmentPortalApplicationTests
2023-10-10T00:34:49.578+05:30  INFO 12836 --- [main] c.c.a.AssessmentPortalApplication        : Starting AssessmentPortalApplication using Java 17.0.8 with PID 12836 (started by Jaya Madhuri in D:\Tasks\Capstone\BackEnd\assessment-portal)
2023-10-10T00:34:49.579+05:30  INFO 12836 --- [main] c.c.a.AssessmentPortalApplication        : No active profile set, falling back to 1 default profile: "default"
2023-10-10T00:34:50.055+05:30  INFO 12836 --- [main] .s.d.r.c.RepositoryConfigurationDelegate : Bootstrapping Spring Data JPA repositories in DEFAULT mode.
2023-10-10T00:34:50.117+05:30  INFO 12836 --- [main] .s.d.r.c.RepositoryConfigurationDelegate : Finished Spring Data repository scanning in 60 ms. Found 5 JPA repository interfaces.
2023-10-10T00:34:50.537+05:30  INFO 12836 --- [main] o.s.b.w.embedded.tomcat.TomcatWebServer  : Tomcat initialized with port(s): 6060 (http)
2023-10-10T00:34:50.560+05:30  INFO 12836 --- [main] o.apache.catalina.core.StandardService   : Starting service [Tomcat]
2023-10-10T00:34:50.562+05:30  INFO 12836 --- [main] o.apache.catalina.core.StandardEngine    : Starting Servlet engine: [Apache Tomcat/10.1.11]
2023-10-10T00:34:50.762+05:30  INFO 12836 --- [main] o.a.c.c.C.[Tomcat].[localhost].[/]       : Initializing Spring embedded WebApplicationContext
2023-10-10T00:34:50.764+05:30  INFO 12836 --- [main] w.s.c.ServletWebServerApplicationContext : Root WebApplicationContext: initialization completed in 1178 ms
2023-10-10T00:34:50.984+05:30  INFO 12836 --- [main] o.hibernate.jpa.internal.util.LogHelper  : HHH000204: Processing PersistenceUnitInfo [name: default]
2023-10-10T00:34:51.005+05:30  INFO 12836 --- [main] o.h.b.i.BytecodeProviderInitiator        : HHH000021: Bytecode provider name : bytebuddy
2023-10-10T00:34:51.006+05:30  INFO 12836 --- [main] o.s.o.j.p.SpringPersistenceUnitInfo      : No LoadTimeWeaver setup: ignoring JPA class transformer
2023-10-10T00:34:51.012+05:30  INFO 12836 --- [main] com.zaxxer.hikari.HikariDataSource       : HikariPool-2 - Starting...
2023-10-10T00:34:51.100+05:30  INFO 12836 --- [main] com.zaxxer.hikari.pool.HikariPool        : HikariPool-2 - Added connection org.postgresql.jdbc.PgConnection@72e1a349
2023-10-10T00:34:51.101+05:30  INFO 12836 --- [main] com.zaxxer.hikari.HikariDataSource       : HikariPool-2 - Start completed.
2023-10-10T00:34:51.199+05:30  INFO 12836 --- [main] o.h.b.i.BytecodeProviderInitiator        : HHH000021: Bytecode provider name : bytebuddy
2023-10-10T00:34:51.375+05:30  INFO 12836 --- [main] o.h.e.t.j.p.i.JtaPlatformInitiator       : HHH000490: Using JtaPlatform implementation: [org.hibernate.engine.transaction.jta.platform.internal.NoJtaPlatform]
2023-10-10T00:34:51.513+05:30  INFO 12836 --- [main] j.LocalContainerEntityManagerFactoryBean : Initialized JPA EntityManagerFactory for persistence unit 'default'
2023-10-10T00:34:51.884+05:30  WARN 12836 --- [main] JpaBaseConfiguration$JpaWebConfiguration : spring.jpa.open-in-view is enabled by default. Therefore, database queries may be performed during view rendering. Explicitly configure spring.jpa.open-in-view to disable this warning
2023-10-10T00:34:52.195+05:30  INFO 12836 --- [main] o.s.b.w.embedded.tomcat.TomcatWebServer  : Tomcat started on port(s): 6060 (http) with context path ''
2023-10-10T00:34:52.211+05:30  INFO 12836 --- [main] c.c.a.AssessmentPortalApplication        : Started AssessmentPortalApplication in 2.712 seconds (process running for 18.139)
2023-10-10T00:34:52.224+05:30  INFO 12836 --- [main] t.c.s.AnnotationConfigContextLoaderUtils : Could not detect default configuration classes for test class [com.capstone.assessmentportal.customannotations.DateOfBirthValidatorTest]: DateOfBirthValidatorTest does not declare any static, non-private, non-final, nested classes annotated with @Configuration.
2023-10-10T00:34:52.239+05:30  INFO 12836 --- [main] .b.t.c.SpringBootTestContextBootstrapper : Found @SpringBootConfiguration com.capstone.assessmentportal.AssessmentPortalApplication for test class com.capstone.assessmentportal.customannotations.DateOfBirthValidatorTest
2023-10-10T00:34:52.276+05:30  INFO 12836 --- [SpringApplicationShutdownHook] j.LocalContainerEntityManagerFactoryBean : Closing JPA EntityManagerFactory for persistence unit 'default'
2023-10-10T00:34:52.280+05:30  INFO 12836 --- [SpringApplicationShutdownHook] com.zaxxer.hikari.HikariDataSource       : HikariPool-1 - Shutdown initiated...
2023-10-10T00:34:52.295+05:30  INFO 12836 --- [SpringApplicationShutdownHook] com.zaxxer.hikari.HikariDataSource       : HikariPool-1 - Shutdown completed.
2023-10-10T00:34:52.346+05:30  INFO 12836 --- [SpringApplicationShutdownHook] j.LocalContainerEntityManagerFactoryBean : Closing JPA EntityManagerFactory for persistence unit 'default'
2023-10-10T00:34:52.347+05:30  INFO 12836 --- [SpringApplicationShutdownHook] com.zaxxer.hikari.HikariDataSource       : HikariPool-2 - Shutdown initiated...
2023-10-10T00:34:52.354+05:30  INFO 12836 --- [SpringApplicationShutdownHook] com.zaxxer.hikari.HikariDataSource       : HikariPool-2 - Shutdown completed.
2023-10-10T00:40:08.412+05:30  INFO 23128 --- [main] c.c.a.c.GlobalExceptionHandlerTest       : Starting GlobalExceptionHandlerTest using Java 17.0.8 with PID 23128 (started by Jaya Madhuri in D:\Tasks\Capstone\BackEnd\assessment-portal)
2023-10-10T00:40:08.417+05:30  INFO 23128 --- [main] c.c.a.c.GlobalExceptionHandlerTest       : No active profile set, falling back to 1 default profile: "default"
2023-10-10T00:40:09.871+05:30  INFO 23128 --- [main] .s.d.r.c.RepositoryConfigurationDelegate : Bootstrapping Spring Data JPA repositories in DEFAULT mode.
2023-10-10T00:40:10.080+05:30  INFO 23128 --- [main] .s.d.r.c.RepositoryConfigurationDelegate : Finished Spring Data repository scanning in 183 ms. Found 5 JPA repository interfaces.
2023-10-10T00:40:11.009+05:30  INFO 23128 --- [main] o.hibernate.jpa.internal.util.LogHelper  : HHH000204: Processing PersistenceUnitInfo [name: default]
2023-10-10T00:40:11.140+05:30  INFO 23128 --- [main] org.hibernate.Version                    : HHH000412: Hibernate ORM core version 6.2.6.Final
2023-10-10T00:40:11.146+05:30  INFO 23128 --- [main] org.hibernate.cfg.Environment            : HHH000406: Using bytecode reflection optimizer
2023-10-10T00:40:11.578+05:30  INFO 23128 --- [main] o.h.b.i.BytecodeProviderInitiator        : HHH000021: Bytecode provider name : bytebuddy
2023-10-10T00:40:11.884+05:30  INFO 23128 --- [main] o.s.o.j.p.SpringPersistenceUnitInfo      : No LoadTimeWeaver setup: ignoring JPA class transformer
2023-10-10T00:40:11.933+05:30  INFO 23128 --- [main] com.zaxxer.hikari.HikariDataSource       : HikariPool-1 - Starting...
2023-10-10T00:40:12.404+05:30  INFO 23128 --- [main] com.zaxxer.hikari.pool.HikariPool        : HikariPool-1 - Added connection org.postgresql.jdbc.PgConnection@3360283
2023-10-10T00:40:12.408+05:30  INFO 23128 --- [main] com.zaxxer.hikari.HikariDataSource       : HikariPool-1 - Start completed.
2023-10-10T00:40:13.176+05:30  INFO 23128 --- [main] o.h.b.i.BytecodeProviderInitiator        : HHH000021: Bytecode provider name : bytebuddy
2023-10-10T00:40:14.635+05:30  INFO 23128 --- [main] o.h.e.t.j.p.i.JtaPlatformInitiator       : HHH000490: Using JtaPlatform implementation: [org.hibernate.engine.transaction.jta.platform.internal.NoJtaPlatform]
2023-10-10T00:40:14.800+05:30  INFO 23128 --- [main] j.LocalContainerEntityManagerFactoryBean : Initialized JPA EntityManagerFactory for persistence unit 'default'
2023-10-10T00:40:15.598+05:30  INFO 23128 --- [main] o.s.d.j.r.query.QueryEnhancerFactory     : Hibernate is in classpath; If applicable, HQL parser will be used.
2023-10-10T00:40:17.159+05:30  WARN 23128 --- [main] JpaBaseConfiguration$JpaWebConfiguration : spring.jpa.open-in-view is enabled by default. Therefore, database queries may be performed during view rendering. Explicitly configure spring.jpa.open-in-view to disable this warning
2023-10-10T00:40:17.877+05:30  INFO 23128 --- [main] c.c.a.c.GlobalExceptionHandlerTest       : Started GlobalExceptionHandlerTest in 10.166 seconds (process running for 12.207)
2023-10-10T00:40:20.000+05:30  INFO 23128 --- [SpringApplicationShutdownHook] j.LocalContainerEntityManagerFactoryBean : Closing JPA EntityManagerFactory for persistence unit 'default'
2023-10-10T00:40:20.011+05:30  INFO 23128 --- [SpringApplicationShutdownHook] com.zaxxer.hikari.HikariDataSource       : HikariPool-1 - Shutdown initiated...
2023-10-10T00:40:20.038+05:30  INFO 23128 --- [SpringApplicationShutdownHook] com.zaxxer.hikari.HikariDataSource       : HikariPool-1 - Shutdown completed.
2023-10-10T00:40:37.084+05:30  INFO 32208 --- [main] c.c.a.c.GlobalExceptionHandlerTest       : Starting GlobalExceptionHandlerTest using Java 17.0.8 with PID 32208 (started by Jaya Madhuri in D:\Tasks\Capstone\BackEnd\assessment-portal)
2023-10-10T00:40:37.088+05:30  INFO 32208 --- [main] c.c.a.c.GlobalExceptionHandlerTest       : No active profile set, falling back to 1 default profile: "default"
2023-10-10T00:40:38.444+05:30  INFO 32208 --- [main] .s.d.r.c.RepositoryConfigurationDelegate : Bootstrapping Spring Data JPA repositories in DEFAULT mode.
2023-10-10T00:40:38.669+05:30  INFO 32208 --- [main] .s.d.r.c.RepositoryConfigurationDelegate : Finished Spring Data repository scanning in 200 ms. Found 5 JPA repository interfaces.
2023-10-10T00:40:39.541+05:30  INFO 32208 --- [main] o.hibernate.jpa.internal.util.LogHelper  : HHH000204: Processing PersistenceUnitInfo [name: default]
2023-10-10T00:40:39.659+05:30  INFO 32208 --- [main] org.hibernate.Version                    : HHH000412: Hibernate ORM core version 6.2.6.Final
2023-10-10T00:40:39.663+05:30  INFO 32208 --- [main] org.hibernate.cfg.Environment            : HHH000406: Using bytecode reflection optimizer
2023-10-10T00:40:39.984+05:30  INFO 32208 --- [main] o.h.b.i.BytecodeProviderInitiator        : HHH000021: Bytecode provider name : bytebuddy
2023-10-10T00:40:40.250+05:30  INFO 32208 --- [main] o.s.o.j.p.SpringPersistenceUnitInfo      : No LoadTimeWeaver setup: ignoring JPA class transformer
2023-10-10T00:40:40.291+05:30  INFO 32208 --- [main] com.zaxxer.hikari.HikariDataSource       : HikariPool-1 - Starting...
2023-10-10T00:40:40.695+05:30  INFO 32208 --- [main] com.zaxxer.hikari.pool.HikariPool        : HikariPool-1 - Added connection org.postgresql.jdbc.PgConnection@6744707b
2023-10-10T00:40:40.701+05:30  INFO 32208 --- [main] com.zaxxer.hikari.HikariDataSource       : HikariPool-1 - Start completed.
2023-10-10T00:40:41.390+05:30  INFO 32208 --- [main] o.h.b.i.BytecodeProviderInitiator        : HHH000021: Bytecode provider name : bytebuddy
2023-10-10T00:40:42.520+05:30  INFO 32208 --- [main] o.h.e.t.j.p.i.JtaPlatformInitiator       : HHH000490: Using JtaPlatform implementation: [org.hibernate.engine.transaction.jta.platform.internal.NoJtaPlatform]
2023-10-10T00:40:42.686+05:30  INFO 32208 --- [main] j.LocalContainerEntityManagerFactoryBean : Initialized JPA EntityManagerFactory for persistence unit 'default'
2023-10-10T00:40:43.227+05:30  INFO 32208 --- [main] o.s.d.j.r.query.QueryEnhancerFactory     : Hibernate is in classpath; If applicable, HQL parser will be used.
2023-10-10T00:40:44.459+05:30  WARN 32208 --- [main] JpaBaseConfiguration$JpaWebConfiguration : spring.jpa.open-in-view is enabled by default. Therefore, database queries may be performed during view rendering. Explicitly configure spring.jpa.open-in-view to disable this warning
2023-10-10T00:40:45.180+05:30  INFO 32208 --- [main] c.c.a.c.GlobalExceptionHandlerTest       : Started GlobalExceptionHandlerTest in 8.785 seconds (process running for 10.475)
2023-10-10T00:40:47.099+05:30  INFO 32208 --- [SpringApplicationShutdownHook] j.LocalContainerEntityManagerFactoryBean : Closing JPA EntityManagerFactory for persistence unit 'default'
2023-10-10T00:40:47.108+05:30  INFO 32208 --- [SpringApplicationShutdownHook] com.zaxxer.hikari.HikariDataSource       : HikariPool-1 - Shutdown initiated...
2023-10-10T00:40:47.157+05:30  INFO 32208 --- [SpringApplicationShutdownHook] com.zaxxer.hikari.HikariDataSource       : HikariPool-1 - Shutdown completed.
